<?xml version="1.0" encoding="UTF-8"?>
<testng-results ignored="0" total="1" passed="1" failed="0" skipped="0">
  <reporter-output>
  </reporter-output>
  <suite started-at="2023-03-13T16:01:53 IST" name="Default suite" finished-at="2023-03-13T16:01:53 IST" duration-ms="91">
    <groups>
    </groups>
    <test started-at="2023-03-13T16:01:53 IST" name="Default test" finished-at="2023-03-13T16:01:53 IST" duration-ms="91">
      <class name="ustbatchno3.TestNG.VishwaTest">
        <test-method signature="vmtest()[pri:0, instance:ustbatchno3.TestNG.VishwaTest@4b0b0854]" started-at="2023-03-13T16:01:53 IST" name="vmtest" finished-at="2023-03-13T16:01:53 IST" duration-ms="21" status="PASS">
          <reporter-output>
          </reporter-output>
        </test-method> <!-- vmtest -->
      </class> <!-- ustbatchno3.TestNG.VishwaTest -->
    </test> <!-- Default test -->
  </suite> <!-- Default suite -->
</testng-results>
